[debug] [2022-10-29T23:42:13.453Z] ----------------------------------------------------------------------
[debug] [2022-10-29T23:42:13.455Z] Command:       C:\Program Files\nodejs\node.exe C:\Users\Lucas\AppData\Roaming\npm\node_modules\firebase-tools\lib\bin\firebase.js init
[debug] [2022-10-29T23:42:13.455Z] CLI Version:   11.15.0
[debug] [2022-10-29T23:42:13.455Z] Platform:      win32
[debug] [2022-10-29T23:42:13.455Z] Node Version:  v16.16.0
[debug] [2022-10-29T23:42:13.456Z] Time:          Sat Oct 29 2022 20:42:13 GMT-0300 (Horário Padrão de Brasília)
[debug] [2022-10-29T23:42:13.457Z] ----------------------------------------------------------------------
[debug] 
[debug] [2022-10-29T23:42:13.465Z] > command requires scopes: ["email","openid","https://www.googleapis.com/auth/cloudplatformprojects.readonly","https://www.googleapis.com/auth/firebase","https://www.googleapis.com/auth/cloud-platform"]
[debug] [2022-10-29T23:42:13.466Z] > authorizing via signed-in user (counitzero@gmail.com)
[info] 
     ######## #### ########  ######## ########     ###     ######  ########
     ##        ##  ##     ## ##       ##     ##  ##   ##  ##       ##
     ######    ##  ########  ######   ########  #########  ######  ######
     ##        ##  ##    ##  ##       ##     ## ##     ##       ## ##
     ##       #### ##     ## ######## ########  ##     ##  ######  ########

You're about to initialize a Firebase project in this directory:

  C:\Users\Lucas\Desktop\Repositorys\my-page\my-page-app

[info] 
=== Project Setup
[info] 
[info] First, let's associate this project directory with a Firebase project.
[info] You can create multiple project aliases by running firebase use --add, 
[info] but for now we'll just set up a default project.
[info] 
[debug] [2022-10-29T23:42:24.957Z] >>> [apiv2][query] GET https://firebase.googleapis.com/v1beta1/projects pageSize=100
[debug] [2022-10-29T23:42:25.632Z] <<< [apiv2][status] GET https://firebase.googleapis.com/v1beta1/projects 200
[debug] [2022-10-29T23:42:25.633Z] <<< [apiv2][body] GET https://firebase.googleapis.com/v1beta1/projects [omitted]
[info] i  Using project ng-complete-guide-fb866 (ng-complete-guide) 
[info] 
=== Hosting Setup
[info] 
[info] Your public directory is the folder (relative to your project directory) that
[info] will contain Hosting assets to be uploaded with firebase deploy. If you
[info] have a build process for your assets, use your build's output directory.
[info] 
[debug] [2022-10-29T23:42:38.019Z] >>> [apiv2][query] GET https://www.gstatic.com/firebasejs/releases.json [none]
[debug] [2022-10-29T23:42:38.181Z] <<< [apiv2][status] GET https://www.gstatic.com/firebasejs/releases.json 200
[debug] [2022-10-29T23:42:38.181Z] <<< [apiv2][body] GET https://www.gstatic.com/firebasejs/releases.json {"current":{"version":"9.13.0","browserURL":"https://www.gstatic.com/firebasejs/9.13.0/firebase.js","packageURL":"https://www.gstatic.com/firebasejs/9.13.0/firebase.tgz"},"live":{"version":"9.13","browserURL":"https://www.gstatic.com/firebasejs/live/9.13/firebase.js","packageURL":"https://www.gstatic.com/firebasejs/live/9.13/firebase.tgz"},"components":{"analytics":"https://www.gstatic.com/firebasejs/9.13.0/firebase-analytics.js","app":"https://www.gstatic.com/firebasejs/9.13.0/firebase-app.js","app-check":"https://www.gstatic.com/firebasejs/9.13.0/firebase-app-check.js","auth":"https://www.gstatic.com/firebasejs/9.13.0/firebase-auth.js","auth/cordova":"https://www.gstatic.com/firebasejs/9.13.0/firebase-auth/cordova.js","auth/react-native":"https://www.gstatic.com/firebasejs/9.13.0/firebase-auth/react-native.js","functions":"https://www.gstatic.com/firebasejs/9.13.0/firebase-functions.js","firestore":"https://www.gstatic.com/firebasejs/9.13.0/firebase-firestore.js","firestore/lite":"https://www.gstatic.com/firebasejs/9.13.0/firebase-firestore/lite.js","installations":"https://www.gstatic.com/firebasejs/9.13.0/firebase-installations.js","storage":"https://www.gstatic.com/firebasejs/9.13.0/firebase-storage.js","performance":"https://www.gstatic.com/firebasejs/9.13.0/firebase-performance.js","remote-config":"https://www.gstatic.com/firebasejs/9.13.0/firebase-remote-config.js","messaging":"https://www.gstatic.com/firebasejs/9.13.0/firebase-messaging.js","messaging/sw":"https://www.gstatic.com/firebasejs/9.13.0/firebase-messaging/sw.js","database":"https://www.gstatic.com/firebasejs/9.13.0/firebase-database.js","firestore.memory":"https://www.gstatic.com/firebasejs/9.13.0/firebase-firestore.memory.js"}}
[info] +  Wrote public/index.html 
[info] 
[info] i  Detected a .git folder at C:\Users\Lucas\Desktop\Repositorys\my-page 
[info] i  Authorizing with GitHub to upload your service account to a GitHub repository's secrets store. 
[info] 
[info] Visit this URL on this device to log in:
[info] https://github.com/login/oauth/authorize?client_id=89cf50f02ac6aaed3484&state=314439909&redirect_uri=http%3A%2F%2Flocalhost%3A9005&scope=read%3Auser%20repo%20public_repo
[info] 
[info] Waiting for authentication...
[debug] [2022-10-29T23:42:45.654Z] >>> [apiv2][query] POST https://github.com/login/oauth/access_token [none]
[debug] [2022-10-29T23:42:45.654Z] >>> [apiv2][body] POST https://github.com/login/oauth/access_token [stream]
[debug] [2022-10-29T23:42:45.964Z] <<< [apiv2][status] POST https://github.com/login/oauth/access_token 200
[debug] [2022-10-29T23:42:45.965Z] <<< [apiv2][body] POST https://github.com/login/oauth/access_token {"access_token":"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","token_type":"bearer","scope":"read:user,repo"}
[debug] [2022-10-29T23:42:45.972Z] >>> [apiv2][query] GET https://api.github.com/user [none]
[debug] [2022-10-29T23:42:46.301Z] <<< [apiv2][status] GET https://api.github.com/user 200
[debug] [2022-10-29T23:42:46.302Z] <<< [apiv2][body] GET https://api.github.com/user {"login":"AlexandreBez","id":61715273,"node_id":"MDQ6VXNlcjYxNzE1Mjcz","avatar_url":"https://avatars.githubusercontent.com/u/61715273?v=4","gravatar_id":"","url":"https://api.github.com/users/AlexandreBez","html_url":"https://github.com/AlexandreBez","followers_url":"https://api.github.com/users/AlexandreBez/followers","following_url":"https://api.github.com/users/AlexandreBez/following{/other_user}","gists_url":"https://api.github.com/users/AlexandreBez/gists{/gist_id}","starred_url":"https://api.github.com/users/AlexandreBez/starred{/owner}{/repo}","subscriptions_url":"https://api.github.com/users/AlexandreBez/subscriptions","organizations_url":"https://api.github.com/users/AlexandreBez/orgs","repos_url":"https://api.github.com/users/AlexandreBez/repos","events_url":"https://api.github.com/users/AlexandreBez/events{/privacy}","received_events_url":"https://api.github.com/users/AlexandreBez/received_events","type":"User","site_admin":false,"name":"Lucas Bez","company":null,"blog":"","location":null,"email":null,"hireable":null,"bio":null,"twitter_username":null,"public_repos":33,"public_gists":0,"followers":14,"following":8,"created_at":"2020-03-02T22:30:17Z","updated_at":"2022-10-09T00:54:04Z","private_gists":0,"total_private_repos":5,"owned_private_repos":5,"disk_usage":2302202,"collaborators":0,"two_factor_authentication":false,"plan":{"name":"free","space":976562499,"collaborators":0,"private_repos":10000}}
[info] 
[info] +  Success! Logged into GitHub as AlexandreBez 
[info] 
[debug] [2022-10-29T23:42:57.509Z] >>> [apiv2][query] GET https://api.github.com/repos//actions/secrets/public-key type=owner
[debug] [2022-10-29T23:42:57.605Z] >>> [apiv2][query] GET https://api.github.com/repos//actions/secrets/public-key type=owner
[debug] [2022-10-29T23:42:57.769Z] <<< [apiv2][status] GET https://api.github.com/repos//actions/secrets/public-key 404
[debug] [2022-10-29T23:42:57.769Z] <<< [apiv2][body] GET https://api.github.com/repos//actions/secrets/public-key {"message":"Not Found","documentation_url":"https://docs.github.com/rest"}
[debug] [2022-10-29T23:42:57.847Z] <<< [apiv2][status] GET https://api.github.com/repos//actions/secrets/public-key 404
[debug] [2022-10-29T23:42:57.847Z] <<< [apiv2][body] GET https://api.github.com/repos//actions/secrets/public-key {"message":"Not Found","documentation_url":"https://docs.github.com/rest"}
[debug] [2022-10-29T23:42:58.589Z] >>> [apiv2][query] GET https://api.github.com/repos//actions/secrets/public-key type=owner
[debug] [2022-10-29T23:42:58.826Z] <<< [apiv2][status] GET https://api.github.com/repos//actions/secrets/public-key 404
[debug] [2022-10-29T23:42:58.826Z] <<< [apiv2][body] GET https://api.github.com/repos//actions/secrets/public-key {"message":"Not Found","documentation_url":"https://docs.github.com/rest"}
[debug] [2022-10-29T23:43:05.462Z] >>> [apiv2][query] GET https://api.github.com/repos/teste/actions/secrets/public-key type=owner
[debug] [2022-10-29T23:43:05.738Z] <<< [apiv2][status] GET https://api.github.com/repos/teste/actions/secrets/public-key 404
[debug] [2022-10-29T23:43:05.738Z] <<< [apiv2][body] GET https://api.github.com/repos/teste/actions/secrets/public-key {"message":"Not Found","documentation_url":"https://docs.github.com/rest"}
[debug] [2022-10-29T23:43:31.641Z] >>> [apiv2][query] GET https://api.github.com/repos/AlexandreBez/teste/actions/secrets/public-key type=owner
[debug] [2022-10-29T23:43:31.878Z] <<< [apiv2][status] GET https://api.github.com/repos/AlexandreBez/teste/actions/secrets/public-key 404
[debug] [2022-10-29T23:43:31.878Z] <<< [apiv2][body] GET https://api.github.com/repos/AlexandreBez/teste/actions/secrets/public-key {"message":"Not Found","documentation_url":"https://docs.github.com/rest/reference/actions#get-a-repository-public-key"}
[debug] [2022-10-29T23:43:51.846Z] ----------------------------------------------------------------------
[debug] [2022-10-29T23:43:51.847Z] Command:       C:\Program Files\nodejs\node.exe C:\Users\Lucas\AppData\Roaming\npm\node_modules\firebase-tools\lib\bin\firebase.js init
[debug] [2022-10-29T23:43:51.848Z] CLI Version:   11.15.0
[debug] [2022-10-29T23:43:51.848Z] Platform:      win32
[debug] [2022-10-29T23:43:51.848Z] Node Version:  v16.16.0
[debug] [2022-10-29T23:43:51.849Z] Time:          Sat Oct 29 2022 20:43:51 GMT-0300 (Horário Padrão de Brasília)
[debug] [2022-10-29T23:43:51.849Z] ----------------------------------------------------------------------
[debug] 
[debug] [2022-10-29T23:43:51.856Z] > command requires scopes: ["email","openid","https://www.googleapis.com/auth/cloudplatformprojects.readonly","https://www.googleapis.com/auth/firebase","https://www.googleapis.com/auth/cloud-platform"]
[debug] [2022-10-29T23:43:51.857Z] > authorizing via signed-in user (counitzero@gmail.com)
[info] 
     ######## #### ########  ######## ########     ###     ######  ########
     ##        ##  ##     ## ##       ##     ##  ##   ##  ##       ##
     ######    ##  ########  ######   ########  #########  ######  ######
     ##        ##  ##    ##  ##       ##     ## ##     ##       ## ##
     ##       #### ##     ## ######## ########  ##     ##  ######  ########

You're about to initialize a Firebase project in this directory:

  C:\Users\Lucas\Desktop\Repositorys\my-page\my-page-app

[debug] [2022-10-29T23:45:49.720Z] ----------------------------------------------------------------------
[debug] [2022-10-29T23:45:49.721Z] Command:       C:\Program Files\nodejs\node.exe C:\Users\Lucas\AppData\Roaming\npm\node_modules\firebase-tools\lib\bin\firebase.js init hosting
[debug] [2022-10-29T23:45:49.722Z] CLI Version:   11.15.0
[debug] [2022-10-29T23:45:49.722Z] Platform:      win32
[debug] [2022-10-29T23:45:49.722Z] Node Version:  v16.16.0
[debug] [2022-10-29T23:45:49.723Z] Time:          Sat Oct 29 2022 20:45:49 GMT-0300 (Horário Padrão de Brasília)
[debug] [2022-10-29T23:45:49.723Z] ----------------------------------------------------------------------
[debug] 
[debug] [2022-10-29T23:45:49.731Z] > command requires scopes: ["email","openid","https://www.googleapis.com/auth/cloudplatformprojects.readonly","https://www.googleapis.com/auth/firebase","https://www.googleapis.com/auth/cloud-platform"]
[debug] [2022-10-29T23:45:49.731Z] > authorizing via signed-in user (counitzero@gmail.com)
[info] 
     ######## #### ########  ######## ########     ###     ######  ########
     ##        ##  ##     ## ##       ##     ##  ##   ##  ##       ##
     ######    ##  ########  ######   ########  #########  ######  ######
     ##        ##  ##    ##  ##       ##     ## ##     ##       ## ##
     ##       #### ##     ## ######## ########  ##     ##  ######  ########

You're about to initialize a Firebase project in this directory:

  C:\Users\Lucas\Desktop\Repositorys\my-page\my-page-app

[info] 
=== Project Setup
[info] 
[info] First, let's associate this project directory with a Firebase project.
[info] You can create multiple project aliases by running firebase use --add, 
[info] but for now we'll just set up a default project.
[info] 
[info] i  If you want to create a project in a Google Cloud organization or folder, please use "firebase projects:create" instead, and return to this command when you've created the project. 
[debug] [2022-10-29T23:46:29.605Z] >>> [apiv2][query] POST https://cloudresourcemanager.googleapis.com/v1/projects [none]
[debug] [2022-10-29T23:46:29.606Z] >>> [apiv2][body] POST https://cloudresourcemanager.googleapis.com/v1/projects {"projectId":"my page","name":"my page"}
[debug] [2022-10-29T23:46:30.637Z] <<< [apiv2][status] POST https://cloudresourcemanager.googleapis.com/v1/projects 400
[debug] [2022-10-29T23:46:30.637Z] <<< [apiv2][body] POST https://cloudresourcemanager.googleapis.com/v1/projects {"error":{"code":400,"message":"field [project_id] has issue [project_id contains invalid characters]","status":"INVALID_ARGUMENT","details":[{"@type":"type.googleapis.com/google.rpc.BadRequest","fieldViolations":[{"field":"project_id","description":"project_id contains invalid characters"}]},{"@type":"type.googleapis.com/google.rpc.Help","links":[{"url":"https://cloud.google.com/resource-manager/reference/rest/v1/projects"}]}]}}
[debug] [2022-10-29T23:46:30.849Z] FirebaseError: HTTP Error: 400, field [project_id] has issue [project_id contains invalid characters]
    at responseToError (C:\Users\Lucas\AppData\Roaming\npm\node_modules\firebase-tools\lib\responseToError.js:49:12)
    at RetryOperation._fn (C:\Users\Lucas\AppData\Roaming\npm\node_modules\firebase-tools\lib\apiv2.js:288:77)
    at processTicksAndRejections (node:internal/process/task_queues:96:5)
[error] 
[error] Error: Failed to create project. See firebase-debug.log for more info.
[debug] [2022-10-29T23:46:36.281Z] ----------------------------------------------------------------------
[debug] [2022-10-29T23:46:36.283Z] Command:       C:\Program Files\nodejs\node.exe C:\Users\Lucas\AppData\Roaming\npm\node_modules\firebase-tools\lib\bin\firebase.js init hosting
[debug] [2022-10-29T23:46:36.284Z] CLI Version:   11.15.0
[debug] [2022-10-29T23:46:36.284Z] Platform:      win32
[debug] [2022-10-29T23:46:36.284Z] Node Version:  v16.16.0
[debug] [2022-10-29T23:46:36.285Z] Time:          Sat Oct 29 2022 20:46:36 GMT-0300 (Horário Padrão de Brasília)
[debug] [2022-10-29T23:46:36.285Z] ----------------------------------------------------------------------
[debug] 
[debug] [2022-10-29T23:46:36.292Z] > command requires scopes: ["email","openid","https://www.googleapis.com/auth/cloudplatformprojects.readonly","https://www.googleapis.com/auth/firebase","https://www.googleapis.com/auth/cloud-platform"]
[debug] [2022-10-29T23:46:36.293Z] > authorizing via signed-in user (counitzero@gmail.com)
[info] 
     ######## #### ########  ######## ########     ###     ######  ########
     ##        ##  ##     ## ##       ##     ##  ##   ##  ##       ##
     ######    ##  ########  ######   ########  #########  ######  ######
     ##        ##  ##    ##  ##       ##     ## ##     ##       ## ##
     ##       #### ##     ## ######## ########  ##     ##  ######  ########

You're about to initialize a Firebase project in this directory:

  C:\Users\Lucas\Desktop\Repositorys\my-page\my-page-app

[info] 
=== Project Setup
[info] 
[info] First, let's associate this project directory with a Firebase project.
[info] You can create multiple project aliases by running firebase use --add, 
[info] but for now we'll just set up a default project.
[info] 
[debug] [2022-10-29T23:46:42.519Z] >>> [apiv2][query] GET https://firebase.googleapis.com/v1beta1/projects pageSize=100
[debug] [2022-10-29T23:46:43.290Z] <<< [apiv2][status] GET https://firebase.googleapis.com/v1beta1/projects 200
[debug] [2022-10-29T23:46:43.290Z] <<< [apiv2][body] GET https://firebase.googleapis.com/v1beta1/projects [omitted]
[info] i  Using project ng-complete-guide-fb866 (ng-complete-guide) 
[info] 
=== Hosting Setup
[info] 
[info] Your public directory is the folder (relative to your project directory) that
[info] will contain Hosting assets to be uploaded with firebase deploy. If you
[info] have a build process for your assets, use your build's output directory.
[info] 
